0 info it worked if it ends with ok
1 verbose cli [ 'C:\\Program Files\\nodejs\\node.exe',
1 verbose cli   'C:\\Program Files\\nodejs\\node_modules\\npm\\bin\\npm-cli.js',
1 verbose cli   'run',
1 verbose cli   'lite' ]
2 info using npm@3.10.8
3 info using node@v7.0.0
4 verbose run-script [ 'prelite', 'lite', 'postlite' ]
5 info lifecycle angular2-demo@1.0.0~prelite: angular2-demo@1.0.0
6 silly lifecycle angular2-demo@1.0.0~prelite: no script for prelite, continuing
7 info lifecycle angular2-demo@1.0.0~lite: angular2-demo@1.0.0
8 verbose lifecycle angular2-demo@1.0.0~lite: unsafe-perm in lifecycle true
9 verbose lifecycle angular2-demo@1.0.0~lite: PATH: C:\Program Files\nodejs\node_modules\npm\bin\node-gyp-bin;C:\GitHub\Angular2\node_modules\.bin;C:\Program Files\nodejs\node_modules\npm\bin\node-gyp-bin;C:\GitHub\Angular2\node_modules\.bin;C:\app\harish.banda\product\11.2.0\client_1;C:\app\harish.banda\product\11.2.0\client_1\bin;C:\app\harish.banda\product\12.1.0\client_1;C:\app\harish.banda\product\12.1.0\client_1\bin;C:\app\harish.banda\product\12.1.0\client_3;C:\app\harish.banda\product\12.1.0\client_3\bin;C:\app\harish.banda\product\12.1.0\client_4;C:\Oracle\Ora92\bin;C:\app\harish.banda\product\12.1.0\client_2;C:\Program Files (x86)\Oracle\jre\1.1.8\bin;C:\windows\system32;C:\windows;C:\windows\System32\Wbem;C:\Program Files (x86)\Microsoft ASP.NET\ASP.NET Web Pages\v1.0\;C:\Program Files (x86)\Windows Kits\8.0\Windows Performance Toolkit\;C:\Program Files\Microsoft SQL Server\110\Tools\Binn\;C:\Program Files\Microsoft\Web Platform Installer\;c:\Program Files (x86)\Microsoft SQL Server\110\Tools\Binn\ManagementStudio\;c:\Program Files (x86)\Microsoft SQL Server\110\Tools\Binn\;c:\Program Files (x86)\Microsoft SQL Server\110\DTS\Binn\;C:\Program Files (x86)\DataDirect\Shadow\ODBC73\Drivers;C:\Program Files\DataDirect\Shadow\ODBC73\Drivers;c:\Program Files (x86)\Microsoft SQL Server\90\Tools\binn\;C:\Program Files (x86)\Skype\Phone\;C:\windows\System32\WindowsPowerShell\v1.0\;C:\Program Files (x86)\Microsoft Visual Studio 11.0\Common7\IDE\PrivateAssemblies\;C:\Program Files\nodejs\;C:\Users\harish.banda\AppData\Roaming\npm;C:\Program Files (x86)\Microsoft VS Code\bin
10 verbose lifecycle angular2-demo@1.0.0~lite: CWD: C:\GitHub\Angular2
11 silly lifecycle angular2-demo@1.0.0~lite: Args: [ '/d /s /c', 'lite-server' ]
12 silly lifecycle angular2-demo@1.0.0~lite: Returned: code: 3221225786  signal: null
13 info lifecycle angular2-demo@1.0.0~lite: Failed to exec lite script
14 verbose stack Error: angular2-demo@1.0.0 lite: `lite-server`
14 verbose stack Exit status 3221225786
14 verbose stack     at EventEmitter.<anonymous> (C:\Program Files\nodejs\node_modules\npm\lib\utils\lifecycle.js:255:16)
14 verbose stack     at emitTwo (events.js:106:13)
14 verbose stack     at EventEmitter.emit (events.js:191:7)
14 verbose stack     at ChildProcess.<anonymous> (C:\Program Files\nodejs\node_modules\npm\lib\utils\spawn.js:40:14)
14 verbose stack     at emitTwo (events.js:106:13)
14 verbose stack     at ChildProcess.emit (events.js:191:7)
14 verbose stack     at maybeClose (internal/child_process.js:877:16)
14 verbose stack     at Process.ChildProcess._handle.onexit (internal/child_process.js:226:5)
15 verbose pkgid angular2-demo@1.0.0
16 verbose cwd C:\GitHub\Angular2
17 error Windows_NT 6.1.7601
18 error argv "C:\\Program Files\\nodejs\\node.exe" "C:\\Program Files\\nodejs\\node_modules\\npm\\bin\\npm-cli.js" "run" "lite"
19 error node v7.0.0
20 error npm  v3.10.8
21 error code ELIFECYCLE
22 error angular2-demo@1.0.0 lite: `lite-server`
22 error Exit status 3221225786
23 error Failed at the angular2-demo@1.0.0 lite script 'lite-server'.
23 error Make sure you have the latest version of node.js and npm installed.
23 error If you do, this is most likely a problem with the angular2-demo package,
23 error not with npm itself.
23 error Tell the author that this fails on your system:
23 error     lite-server
23 error You can get information on how to open an issue for this project with:
23 error     npm bugs angular2-demo
23 error Or if that isn't available, you can get their info via:
23 error     npm owner ls angular2-demo
23 error There is likely additional logging output above.
24 verbose exit [ 1, true ]
